\BOOKMARK [0][-]{chapter*.1}{Resumo}{}
\BOOKMARK [0][-]{chapter*.2}{Abstract}{}
\BOOKMARK [0][-]{section*.3}{Lista de Figuras}{}
\BOOKMARK [0][-]{section*.4}{Lista de Tabelas}{}
\BOOKMARK [0][-]{chapter.1}{1 Introdu\347\343o}{}
\BOOKMARK [1][-]{section.1.1}{1.1 Objetivos}{chapter.1}
\BOOKMARK [1][-]{section.1.2}{1.2 Contribui\347\365es}{chapter.1}
\BOOKMARK [1][-]{section.1.3}{1.3 Metodologia}{chapter.1}
\BOOKMARK [1][-]{section.1.4}{1.4 Organiza\347\343o do Trabalho}{chapter.1}
\BOOKMARK [0][-]{chapter.2}{2 A Linguagem Haskell}{}
\BOOKMARK [1][-]{section.2.1}{2.1 M\363dulos}{chapter.2}
\BOOKMARK [1][-]{section.2.2}{2.2 Anota\347\365es de Tipo}{chapter.2}
\BOOKMARK [1][-]{section.2.3}{2.3 Sintaxe de Listas}{chapter.2}
\BOOKMARK [1][-]{section.2.4}{2.4 Casamento de Padr\365es}{chapter.2}
\BOOKMARK [1][-]{section.2.5}{2.5 Tipos de Dados Alg\351bricos}{chapter.2}
\BOOKMARK [1][-]{section.2.6}{2.6 Conclus\343o}{chapter.2}
\BOOKMARK [0][-]{chapter.3}{3 Polimorfismo de Sobrecarga em Haskell}{}
\BOOKMARK [1][-]{section.3.1}{3.1 Introdu\347\343o}{chapter.3}
\BOOKMARK [1][-]{section.3.2}{3.2 Polimorfismo de Sobrecarga em Haskell}{chapter.3}
\BOOKMARK [2][-]{subsection.3.2.1}{3.2.1 Classes de tipo}{section.3.2}
\BOOKMARK [2][-]{subsection.3.2.2}{3.2.2 Ambig\374idade}{section.3.2}
\BOOKMARK [1][-]{section.3.3}{3.3 Classes de Tipos com M\372ltiplos Par\342metros}{chapter.3}
\BOOKMARK [2][-]{subsection.3.3.1}{3.3.1 Introdu\347\343o}{section.3.3}
\BOOKMARK [2][-]{subsection.3.3.2}{3.3.2 Verifica\347\343o e Infer\352ncia de Tipos}{section.3.3}
\BOOKMARK [1][-]{section.3.4}{3.4 Depend\352ncias Funcionais}{chapter.3}
\BOOKMARK [2][-]{subsection.3.4.1}{3.4.1 Introdu\347\343o}{section.3.4}
\BOOKMARK [2][-]{subsection.3.4.2}{3.4.2 Problemas com Depend\352ncias Funcionais}{section.3.4}
\BOOKMARK [2][-]{subsection.3.4.3}{3.4.3 Verifica\347\343o e Infer\352ncia de Tipos}{section.3.4}
\BOOKMARK [1][-]{section.3.5}{3.5 Fam\355lias de Tipos}{chapter.3}
\BOOKMARK [2][-]{subsection.3.5.1}{3.5.1 Introdu\347\343o}{section.3.5}
\BOOKMARK [2][-]{subsection.3.5.2}{3.5.2 Problemas com Fam\355lias de Tipos}{section.3.5}
\BOOKMARK [2][-]{subsection.3.5.3}{3.5.3 Verifica\347\343o e Infer\352ncia de Tipos}{section.3.5}
\BOOKMARK [1][-]{section.3.6}{3.6 O Dilema dos Projetistas de Haskell}{chapter.3}
\BOOKMARK [1][-]{section.3.7}{3.7 Problemas da Abordagem usada por Haskell para Sobrecarga}{chapter.3}
\BOOKMARK [1][-]{section.3.8}{3.8 Conclus\343o}{chapter.3}
\BOOKMARK [0][-]{chapter.4}{4 O Sistema de Tipos Proposto}{}
\BOOKMARK [1][-]{section.4.1}{4.1 Introdu\347\343o}{chapter.4}
\BOOKMARK [1][-]{section.4.2}{4.2 Sintaxe}{chapter.4}
\BOOKMARK [2][-]{subsection.4.2.1}{4.2.1 Termos}{section.4.2}
\BOOKMARK [2][-]{subsection.4.2.2}{4.2.2 Sintaxe de Tipos e Kinds}{section.4.2}
\BOOKMARK [1][-]{section.4.3}{4.3 Substitui\347\365es}{chapter.4}
\BOOKMARK [1][-]{section.4.4}{4.4 Contextos de Tipos}{chapter.4}
\BOOKMARK [2][-]{subsection.4.4.1}{4.4.1 Casamento de Classes-Inst\342ncias}{section.4.4}
\BOOKMARK [2][-]{subsection.4.4.2}{4.4.2 Inst\342ncias Bem Formadas}{section.4.4}
\BOOKMARK [1][-]{section.4.5}{4.5 Ordens Parciais}{chapter.4}
\BOOKMARK [2][-]{subsection.4.5.1}{4.5.1 Express\365es de Tipos Simples}{section.4.5}
\BOOKMARK [2][-]{subsection.4.5.2}{4.5.2 Substitui\347\365es}{section.4.5}
\BOOKMARK [2][-]{subsection.4.5.3}{4.5.3 Tipos}{section.4.5}
\BOOKMARK [2][-]{subsection.4.5.4}{4.5.4 Contextos de Tipos}{section.4.5}
\BOOKMARK [2][-]{subsection.4.5.5}{4.5.5 Tipagens}{section.4.5}
\BOOKMARK [1][-]{section.4.6}{4.6 Opera\347\365es de Supremo}{chapter.4}
\BOOKMARK [2][-]{subsection.4.6.1}{4.6.1 C\341lculo do Supremo de Tipos Simples}{section.4.6}
\BOOKMARK [2][-]{subsection.4.6.2}{4.6.2 C\341lculo do Supremo de Substitui\347\365es}{section.4.6}
\BOOKMARK [1][-]{section.4.7}{4.7 Satisfazibilidade de Restri\347\365es}{chapter.4}
\BOOKMARK [2][-]{subsection.4.7.1}{4.7.1 Satisfazibilidade de uma Restri\347\343o}{section.4.7}
\BOOKMARK [2][-]{subsection.4.7.2}{4.7.2 Satisfazibilidade de um Conjunto de Restri\347\365es}{section.4.7}
\BOOKMARK [1][-]{section.4.8}{4.8 Defini\347\343o do Sistema de Tipos}{chapter.4}
\BOOKMARK [2][-]{subsection.4.8.1}{4.8.1 Fechamento de Conjunto de Restri\347\365es}{section.4.8}
\BOOKMARK [2][-]{subsection.4.8.2}{4.8.2 Tipos Bem Formados}{section.4.8}
\BOOKMARK [2][-]{subsection.4.8.3}{4.8.3 Simplifica\347\343o e Igualdade de Tipos}{section.4.8}
\BOOKMARK [2][-]{subsection.4.8.4}{4.8.4 O Sistema de Tipos}{section.4.8}
\BOOKMARK [2][-]{subsection.4.8.5}{4.8.5 Propriedades do Sistema de Tipos}{section.4.8}
\BOOKMARK [1][-]{section.4.9}{4.9 Infer\352ncia de Tipos}{chapter.4}
\BOOKMARK [1][-]{section.4.10}{4.10 Conclus\343o}{chapter.4}
\BOOKMARK [0][-]{chapter.5}{5 Planejamento das Atividades}{}
\BOOKMARK [0][-]{section*.22}{Refer\352ncias Bibliogr\341ficas}{}
